<?xml version="1.0" encoding="UTF-8"?>
<!-- Generated by org.testng.reporters.JUnitXMLReporter -->
<testsuite hostname="DESKTOP-KPB0C5Q" ignored="0" name="loginnew" tests="7" failures="0" timestamp="28 Jan 2020 17:02:51 GMT" time="56.055" errors="0">
  <testcase name="logincase" time="6.086" classname="academy.Mynewmaven.loginTest"/>
  <testcase name="logincase" time="5.566" classname="academy.Mynewmaven.loginTest"/>
  <testcase name="logincase" time="5.688" classname="academy.Mynewmaven.loginTest"/>
  <testcase name="logincase" time="5.58" classname="academy.Mynewmaven.loginTest"/>
  <testcase name="logincase" time="5.613" classname="academy.Mynewmaven.loginTest"/>
  <testcase name="logincase" time="5.848" classname="academy.Mynewmaven.loginTest"/>
  <testcase name="logincase" time="5.752" classname="academy.Mynewmaven.loginTest"/>
</testsuite> <!-- loginnew -->
