<?xml version="1.0" encoding="UTF-8"?>
<testsuite xmlns:xsi="http://www.w3.org/2001/XMLSchema-instance" xsi:noNamespaceSchemaLocation="https://maven.apache.org/surefire/maven-surefire-plugin/xsd/surefire-test-report.xsd" name="TestSuite" time="107.388" tests="9" errors="0" skipped="0" failures="0">
  <properties>
[...]
</properties>
  <testcase name="landinginn" classname="academy.Mynewmaven.LandingpageTest" time="4.034"/>
  <testcase name="logincase" classname="academy.Mynewmaven.loginTest" time="6.087"/>
  <testcase name="logincase" classname="academy.Mynewmaven.loginTest" time="5.567"/>
  <testcase name="logincase" classname="academy.Mynewmaven.loginTest" time="5.689"/>
  <testcase name="logincase" classname="academy.Mynewmaven.loginTest" time="5.581"/>
  <testcase name="logincase" classname="academy.Mynewmaven.loginTest" time="5.613"/>
  <testcase name="logincase" classname="academy.Mynewmaven.loginTest" time="5.848"/>
  <testcase name="logincase" classname="academy.Mynewmaven.loginTest" time="5.754"/>
  <testcase name="registrationtest" classname="academy.Mynewmaven.RegistrationpageTest" time="7.165"/>
</testsuite>