<?xml version="1.0" encoding="UTF-8"?>
<testng-results skipped="0" failed="0" ignored="0" total="1" passed="1">
  <reporter-output>
  </reporter-output>
  <suite name="Default suite" duration-ms="8472" started-at="2019-12-09T11:48:13Z" finished-at="2019-12-09T11:48:22Z">
    <groups>
    </groups>
    <test name="Default test" duration-ms="8472" started-at="2019-12-09T11:48:13Z" finished-at="2019-12-09T11:48:22Z">
      <class name="academy.Mynewmaven.Hahulacadamypage">
        <test-method status="PASS" signature="newrahulTest()[pri:0, instance:academy.Mynewmaven.Hahulacadamypage@57baeedf]" name="newrahulTest" duration-ms="8417" started-at="2019-12-09T11:48:14Z" finished-at="2019-12-09T11:48:22Z">
          <reporter-output>
          </reporter-output>
        </test-method> <!-- newrahulTest -->
      </class> <!-- academy.Mynewmaven.Hahulacadamypage -->
    </test> <!-- Default test -->
  </suite> <!-- Default suite -->
</testng-results>
