<?xml version="1.0" encoding="UTF-8"?>
<!-- Generated by org.testng.reporters.JUnitXMLReporter -->
<testsuite hostname="DESKTOP-KPB0C5Q" ignored="0" name="Test" tests="3" failures="0" timestamp="09 Jul 2019 07:55:02 GMT" time="43.067" errors="0">
  <testcase name="landinginn" time="1.745" classname="academy.Mynewmaven.LandingpageTest"/>
  <testcase name="registrationtest" time="8.424" classname="academy.Mynewmaven.RegistrationpageTest"/>
  <testcase name="logincase" time="6.167" classname="academy.Mynewmaven.loginTest"/>
</testsuite> <!-- Test -->
